mode: atomic
jainfood/internal/db/db.go:12.61,14.19 2 0
jainfood/internal/db/db.go:14.19,16.6 1 0
jainfood/internal/db/db.go:18.5,23.19 5 0
jainfood/internal/db/db.go:23.19,25.6 1 0
jainfood/internal/db/db.go:26.5,27.15 2 0
jainfood/internal/db/db.go:30.14,31.20 1 0
jainfood/internal/db/db.go:31.20,33.6 1 0
jainfood/internal/auth/auth.go:17.36,20.16 3 0
jainfood/internal/auth/auth.go:20.16,22.3 1 0
jainfood/internal/auth/auth.go:23.2,23.44 1 0
jainfood/internal/auth/auth.go:27.41,31.2 3 0
jainfood/internal/auth/auth.go:34.86,36.2 1 0
jainfood/internal/auth/auth.go:39.62,41.2 1 0
jainfood/internal/auth/auth.go:44.55,46.2 1 0
jainfood/internal/chat/chat.go:21.42,24.3 1 0
jainfood/internal/chat/chat.go:61.38,69.2 1 0
jainfood/internal/chat/chat.go:72.21,73.6 1 0
jainfood/internal/chat/chat.go:73.6,74.10 1 0
jainfood/internal/chat/chat.go:75.31,77.37 2 0
jainfood/internal/chat/chat.go:77.37,79.5 1 0
jainfood/internal/chat/chat.go:80.4,82.114 3 0
jainfood/internal/chat/chat.go:84.33,86.49 2 0
jainfood/internal/chat/chat.go:86.49,87.37 1 0
jainfood/internal/chat/chat.go:87.37,90.27 3 0
jainfood/internal/chat/chat.go:90.27,92.7 1 0
jainfood/internal/chat/chat.go:95.4,96.116 2 0
jainfood/internal/chat/chat.go:98.33,104.32 5 0
jainfood/internal/chat/chat.go:104.32,105.12 1 0
jainfood/internal/chat/chat.go:106.30,106.30 0 0
jainfood/internal/chat/chat.go:107.13,111.19 4 0
jainfood/internal/chat/chat.go:119.47,123.34 3 0
jainfood/internal/chat/chat.go:123.34,126.3 2 0
jainfood/internal/chat/chat.go:128.2,129.16 2 0
jainfood/internal/chat/chat.go:129.16,132.3 2 0
jainfood/internal/chat/chat.go:134.2,145.22 4 0
jainfood/internal/chat/chat.go:148.29,149.15 1 0
jainfood/internal/chat/chat.go:149.15,152.3 2 0
jainfood/internal/chat/chat.go:154.2,156.43 3 0
jainfood/internal/chat/chat.go:156.43,159.3 2 0
jainfood/internal/chat/chat.go:161.2,161.6 1 0
jainfood/internal/chat/chat.go:161.6,163.17 2 0
jainfood/internal/chat/chat.go:163.17,164.103 1 0
jainfood/internal/chat/chat.go:164.103,166.5 1 0
jainfood/internal/chat/chat.go:167.4,167.9 1 0
jainfood/internal/chat/chat.go:170.3,171.52 2 0
jainfood/internal/chat/chat.go:171.52,172.12 1 0
jainfood/internal/chat/chat.go:175.3,181.81 5 0
jainfood/internal/chat/chat.go:181.81,183.4 1 0
jainfood/internal/chat/chat.go:185.3,185.26 1 0
jainfood/internal/chat/chat.go:189.30,191.15 2 0
jainfood/internal/chat/chat.go:191.15,194.3 2 0
jainfood/internal/chat/chat.go:196.2,196.6 1 0
jainfood/internal/chat/chat.go:196.6,197.10 1 0
jainfood/internal/chat/chat.go:198.32,200.11 2 0
jainfood/internal/chat/chat.go:200.11,203.5 2 0
jainfood/internal/chat/chat.go:205.4,206.18 2 0
jainfood/internal/chat/chat.go:206.18,208.5 1 0
jainfood/internal/chat/chat.go:209.4,213.27 3 0
jainfood/internal/chat/chat.go:213.27,216.5 2 0
jainfood/internal/chat/chat.go:218.4,218.36 1 0
jainfood/internal/chat/chat.go:218.36,220.5 1 0
jainfood/internal/chat/chat.go:221.19,223.74 2 0
jainfood/internal/chat/chat.go:223.74,225.5 1 0
jainfood/internal/chat/chat.go:231.99,238.16 3 0
jainfood/internal/chat/chat.go:238.16,240.3 1 0
jainfood/internal/chat/chat.go:242.2,246.8 1 0
jainfood/internal/chat/chat.go:250.72,256.16 3 0
jainfood/internal/chat/chat.go:256.16,258.3 1 0
jainfood/internal/chat/chat.go:259.2,259.18 1 0
jainfood/internal/chat/chat.go:263.80,269.16 3 0
jainfood/internal/chat/chat.go:269.16,271.3 1 0
jainfood/internal/chat/chat.go:272.2,272.18 1 0
jainfood/internal/chat/chat.go:276.79,283.2 3 0
jainfood/internal/chat/chat.go:286.104,294.16 2 0
jainfood/internal/chat/chat.go:294.16,296.3 1 0
jainfood/internal/chat/chat.go:297.2,300.18 3 0
jainfood/internal/chat/chat.go:300.18,302.101 2 0
jainfood/internal/chat/chat.go:302.101,304.4 1 0
jainfood/internal/chat/chat.go:305.3,305.33 1 0
jainfood/internal/chat/chat.go:307.2,307.22 1 0
jainfood/cmd/api/main.go:30.13,37.16 4 0
jainfood/cmd/api/main.go:37.16,39.3 1 0
jainfood/cmd/api/main.go:40.2,44.57 3 0
jainfood/cmd/api/main.go:44.57,46.3 1 0
jainfood/cmd/api/main.go:47.2,54.26 4 0
jainfood/cmd/api/main.go:54.26,63.17 2 0
jainfood/cmd/api/main.go:63.17,65.4 1 0
jainfood/cmd/api/main.go:69.2,80.40 8 0
jainfood/cmd/api/main.go:80.40,82.3 1 0
jainfood/cmd/api/main.go:85.2,86.2 2 0
jainfood/cmd/api/main.go:86.2,89.3 2 0
jainfood/cmd/api/main.go:89.3,94.53 2 0
jainfood/cmd/api/main.go:94.53,98.51 2 0
jainfood/cmd/api/main.go:98.51,101.6 2 0
jainfood/cmd/api/main.go:103.5,104.19 2 0
jainfood/cmd/api/main.go:104.19,108.6 3 0
jainfood/cmd/api/main.go:110.5,112.73 3 0
jainfood/cmd/api/main.go:112.73,116.6 3 0
jainfood/cmd/api/main.go:120.5,120.58 1 0
jainfood/cmd/api/main.go:124.4,124.55 1 0
jainfood/cmd/api/main.go:124.55,130.51 2 0
jainfood/cmd/api/main.go:130.51,133.6 2 0
jainfood/cmd/api/main.go:135.5,137.19 3 0
jainfood/cmd/api/main.go:137.19,140.6 2 0
jainfood/cmd/api/main.go:142.5,142.56 1 0
jainfood/cmd/api/main.go:142.56,145.6 2 0
jainfood/cmd/api/main.go:147.5,151.19 3 0
jainfood/cmd/api/main.go:151.19,153.6 1 0
jainfood/cmd/api/main.go:154.5,155.19 2 0
jainfood/cmd/api/main.go:155.19,159.6 3 0
jainfood/cmd/api/main.go:162.5,163.19 2 0
jainfood/cmd/api/main.go:163.19,167.6 3 0
jainfood/cmd/api/main.go:170.5,180.7 2 0
jainfood/cmd/api/main.go:185.3,187.3 3 0
jainfood/cmd/api/main.go:187.3,189.46 1 0
jainfood/cmd/api/main.go:189.46,192.19 3 0
jainfood/cmd/api/main.go:192.19,195.6 2 0
jainfood/cmd/api/main.go:196.5,196.22 1 0
jainfood/cmd/api/main.go:200.4,200.46 1 0
jainfood/cmd/api/main.go:200.46,207.51 3 0
jainfood/cmd/api/main.go:207.51,210.6 2 0
jainfood/cmd/api/main.go:212.5,212.98 1 0
jainfood/cmd/api/main.go:212.98,215.6 2 0
jainfood/cmd/api/main.go:216.5,216.45 1 0
jainfood/cmd/api/main.go:220.4,220.49 1 0
jainfood/cmd/api/main.go:220.49,222.57 2 0
jainfood/cmd/api/main.go:222.57,225.6 2 0
jainfood/cmd/api/main.go:226.5,226.45 1 0
jainfood/cmd/api/main.go:231.3,232.3 2 0
jainfood/cmd/api/main.go:232.3,234.51 1 0
jainfood/cmd/api/main.go:234.51,237.19 3 0
jainfood/cmd/api/main.go:237.19,240.6 2 0
jainfood/cmd/api/main.go:241.5,241.26 1 0
jainfood/cmd/api/main.go:245.4,245.47 1 0
jainfood/cmd/api/main.go:245.47,249.19 4 0
jainfood/cmd/api/main.go:249.19,252.6 2 0
jainfood/cmd/api/main.go:253.5,253.22 1 0
jainfood/cmd/api/main.go:257.4,257.90 1 0
jainfood/cmd/api/main.go:257.90,266.51 3 0
jainfood/cmd/api/main.go:266.51,269.6 2 0
jainfood/cmd/api/main.go:271.5,272.19 2 0
jainfood/cmd/api/main.go:272.19,276.6 3 0
jainfood/cmd/api/main.go:278.5,283.26 2 0
jainfood/cmd/api/main.go:287.4,287.93 1 0
jainfood/cmd/api/main.go:287.93,296.51 3 0
jainfood/cmd/api/main.go:296.51,299.6 2 0
jainfood/cmd/api/main.go:301.5,301.133 1 0
jainfood/cmd/api/main.go:301.133,304.6 2 0
jainfood/cmd/api/main.go:305.5,305.45 1 0
jainfood/cmd/api/main.go:309.4,309.137 1 0
jainfood/cmd/api/main.go:309.137,314.51 3 0
jainfood/cmd/api/main.go:314.51,317.6 2 0
jainfood/cmd/api/main.go:319.5,319.84 1 0
jainfood/cmd/api/main.go:319.84,322.6 2 0
jainfood/cmd/api/main.go:324.5,328.65 2 0
jainfood/cmd/api/main.go:333.3,334.3 2 0
jainfood/cmd/api/main.go:334.3,336.47 1 0
jainfood/cmd/api/main.go:336.47,339.19 3 0
jainfood/cmd/api/main.go:339.19,342.6 2 0
jainfood/cmd/api/main.go:343.5,343.22 1 0
jainfood/cmd/api/main.go:347.4,347.65 1 0
jainfood/cmd/api/main.go:347.65,350.19 3 0
jainfood/cmd/api/main.go:350.19,353.6 2 0
jainfood/cmd/api/main.go:354.5,354.22 1 0
jainfood/cmd/api/main.go:358.4,358.134 1 0
jainfood/cmd/api/main.go:358.134,364.51 2 0
jainfood/cmd/api/main.go:364.51,367.6 2 0
jainfood/cmd/api/main.go:369.5,370.19 2 0
jainfood/cmd/api/main.go:370.19,373.6 2 0
jainfood/cmd/api/main.go:375.5,380.22 2 0
jainfood/cmd/api/main.go:384.4,384.137 1 0
jainfood/cmd/api/main.go:384.137,390.51 3 0
jainfood/cmd/api/main.go:390.51,393.6 2 0
jainfood/cmd/api/main.go:395.5,395.86 1 0
jainfood/cmd/api/main.go:395.86,398.6 2 0
jainfood/cmd/api/main.go:399.5,399.45 1 0
jainfood/cmd/api/main.go:403.4,403.140 1 0
jainfood/cmd/api/main.go:403.140,405.57 2 0
jainfood/cmd/api/main.go:405.57,408.6 2 0
jainfood/cmd/api/main.go:409.5,409.45 1 0
jainfood/cmd/api/main.go:414.3,415.3 2 0
jainfood/cmd/api/main.go:415.3,417.47 1 0
jainfood/cmd/api/main.go:417.47,420.19 3 0
jainfood/cmd/api/main.go:420.19,423.6 2 0
jainfood/cmd/api/main.go:424.5,424.22 1 0
jainfood/cmd/api/main.go:428.4,428.57 1 0
jainfood/cmd/api/main.go:428.57,431.19 3 0
jainfood/cmd/api/main.go:431.19,434.6 2 0
jainfood/cmd/api/main.go:435.5,435.22 1 0
jainfood/cmd/api/main.go:439.4,439.134 1 0
jainfood/cmd/api/main.go:439.134,449.51 2 0
jainfood/cmd/api/main.go:449.51,452.6 2 0
jainfood/cmd/api/main.go:454.5,455.19 2 0
jainfood/cmd/api/main.go:455.19,458.6 2 0
jainfood/cmd/api/main.go:460.5,466.22 2 0
jainfood/cmd/api/main.go:470.4,470.137 1 0
jainfood/cmd/api/main.go:470.137,480.51 3 0
jainfood/cmd/api/main.go:480.51,483.6 2 0
jainfood/cmd/api/main.go:485.5,485.149 1 0
jainfood/cmd/api/main.go:485.149,488.6 2 0
jainfood/cmd/api/main.go:489.5,489.45 1 0
jainfood/cmd/api/main.go:493.4,493.152 1 0
jainfood/cmd/api/main.go:493.152,498.51 3 0
jainfood/cmd/api/main.go:498.51,501.6 2 0
jainfood/cmd/api/main.go:503.5,503.81 1 0
jainfood/cmd/api/main.go:503.81,506.6 2 0
jainfood/cmd/api/main.go:507.5,507.58 1 0
jainfood/cmd/api/main.go:511.4,511.140 1 0
jainfood/cmd/api/main.go:511.140,513.61 2 0
jainfood/cmd/api/main.go:513.61,516.6 2 0
jainfood/cmd/api/main.go:517.5,517.45 1 0
jainfood/cmd/api/main.go:522.3,523.3 2 0
jainfood/cmd/api/main.go:523.3,525.55 1 0
jainfood/cmd/api/main.go:525.55,534.38 8 0
jainfood/cmd/api/main.go:534.38,536.6 1 0
jainfood/cmd/api/main.go:538.5,547.19 3 0
jainfood/cmd/api/main.go:547.19,551.6 3 0
jainfood/cmd/api/main.go:552.5,552.25 1 0
jainfood/cmd/api/main.go:556.4,556.51 1 0
jainfood/cmd/api/main.go:556.51,569.38 12 0
jainfood/cmd/api/main.go:569.38,571.6 1 0
jainfood/cmd/api/main.go:573.5,586.19 3 0
jainfood/cmd/api/main.go:586.19,590.6 3 0
jainfood/cmd/api/main.go:591.5,591.25 1 0
jainfood/cmd/api/main.go:596.3,598.3 3 0
jainfood/cmd/api/main.go:598.3,600.45 1 0
jainfood/cmd/api/main.go:600.45,607.51 3 0
jainfood/cmd/api/main.go:607.51,610.6 2 0
jainfood/cmd/api/main.go:612.5,613.19 2 0
jainfood/cmd/api/main.go:613.19,617.6 3 0
jainfood/cmd/api/main.go:620.5,621.19 2 0
jainfood/cmd/api/main.go:621.19,624.6 2 0
jainfood/cmd/api/main.go:625.5,627.76 3 0
jainfood/cmd/api/main.go:627.76,630.6 2 0
jainfood/cmd/api/main.go:633.5,646.7 2 0
jainfood/cmd/api/main.go:650.4,650.55 1 0
jainfood/cmd/api/main.go:650.55,653.19 3 0
jainfood/cmd/api/main.go:653.19,656.6 2 0
jainfood/cmd/api/main.go:657.5,657.64 1 0
jainfood/cmd/api/main.go:661.4,661.61 1 0
jainfood/cmd/api/main.go:661.61,666.51 3 0
jainfood/cmd/api/main.go:666.51,669.6 2 0
jainfood/cmd/api/main.go:671.5,673.19 3 0
jainfood/cmd/api/main.go:673.19,676.6 2 0
jainfood/cmd/api/main.go:678.5,678.56 1 0
jainfood/cmd/api/main.go:678.56,681.6 2 0
jainfood/cmd/api/main.go:683.5,683.61 1 0
jainfood/cmd/api/main.go:683.61,686.6 2 0
jainfood/cmd/api/main.go:688.5,693.53 3 0
jainfood/cmd/api/main.go:697.4,697.56 1 0
jainfood/cmd/api/main.go:697.56,699.60 2 0
jainfood/cmd/api/main.go:699.60,702.6 2 0
jainfood/cmd/api/main.go:704.5,706.53 2 0
jainfood/cmd/api/main.go:710.4,710.58 1 0
jainfood/cmd/api/main.go:710.58,712.62 2 0
jainfood/cmd/api/main.go:712.62,715.6 2 0
jainfood/cmd/api/main.go:717.5,719.53 2 0
jainfood/cmd/api/main.go:724.3,725.3 2 0
jainfood/cmd/api/main.go:725.3,730.86 2 0
jainfood/cmd/api/main.go:730.86,735.51 2 0
jainfood/cmd/api/main.go:735.51,738.6 2 0
jainfood/cmd/api/main.go:740.5,741.19 2 0
jainfood/cmd/api/main.go:741.19,744.6 2 0
jainfood/cmd/api/main.go:746.5,751.26 2 0
jainfood/cmd/api/main.go:755.4,755.101 1 0
jainfood/cmd/api/main.go:755.101,758.19 3 0
jainfood/cmd/api/main.go:758.19,761.6 2 0
jainfood/cmd/api/main.go:762.5,762.26 1 0
jainfood/cmd/api/main.go:766.4,766.98 1 0
jainfood/cmd/api/main.go:766.98,772.19 5 0
jainfood/cmd/api/main.go:772.19,775.6 2 0
jainfood/cmd/api/main.go:776.5,776.26 1 0
jainfood/cmd/api/main.go:781.3,781.25 1 0
jainfood/cmd/api/main.go:781.25,784.4 3 0
jainfood/cmd/api/main.go:784.4,786.57 1 0
jainfood/cmd/api/main.go:786.57,792.52 2 0
jainfood/cmd/api/main.go:792.52,795.7 2 0
jainfood/cmd/api/main.go:797.6,802.20 2 0
jainfood/cmd/api/main.go:802.20,805.7 2 0
jainfood/cmd/api/main.go:806.6,806.23 1 0
jainfood/cmd/api/main.go:810.5,810.59 1 0
jainfood/cmd/api/main.go:810.59,814.52 2 0
jainfood/cmd/api/main.go:814.52,817.7 2 0
jainfood/cmd/api/main.go:819.6,822.20 2 0
jainfood/cmd/api/main.go:822.20,825.7 2 0
jainfood/cmd/api/main.go:826.6,826.23 1 0
jainfood/cmd/api/main.go:833.2,843.76 4 0
jainfood/cmd/api/main.go:843.76,845.3 1 0
jainfood/internal/media/media.go:33.52,35.131 1 0
jainfood/internal/media/media.go:35.131,36.25 1 0
jainfood/internal/media/media.go:36.25,41.4 1 0
jainfood/internal/media/media.go:42.3,42.54 1 0
jainfood/internal/media/media.go:45.2,54.16 2 0
jainfood/internal/media/media.go:54.16,56.3 1 0
jainfood/internal/media/media.go:58.2,58.59 1 0
jainfood/internal/media/media.go:58.59,60.3 1 0
jainfood/internal/media/media.go:62.2,65.8 1 0
jainfood/internal/media/media.go:83.107,94.16 4 0
jainfood/internal/media/media.go:94.16,96.3 1 0
jainfood/internal/media/media.go:98.2,102.8 1 0
jainfood/internal/media/media.go:117.98,124.16 3 0
jainfood/internal/media/media.go:124.16,126.3 1 0
jainfood/internal/media/media.go:128.2,131.8 1 0
jainfood/internal/media/media.go:135.76,141.2 2 0
jainfood/internal/media/media.go:144.73,146.2 1 0
jainfood/internal/media/media.go:149.58,153.16 2 0
jainfood/internal/media/media.go:153.16,155.3 1 0
jainfood/internal/media/media.go:157.2,160.12 2 0
jainfood/internal/events/events.go:37.114,41.16 3 0
jainfood/internal/events/events.go:41.16,43.3 1 0
jainfood/internal/events/events.go:45.2,50.12 2 0
jainfood/internal/events/events.go:54.111,62.16 2 0
jainfood/internal/events/events.go:62.16,64.3 1 0
jainfood/internal/events/events.go:65.2,68.18 3 0
jainfood/internal/events/events.go:68.18,71.112 3 0
jainfood/internal/events/events.go:71.112,73.4 1 0
jainfood/internal/events/events.go:74.3,74.65 1 0
jainfood/internal/events/events.go:74.65,76.4 1 0
jainfood/internal/events/events.go:77.3,77.29 1 0
jainfood/internal/events/events.go:79.2,79.20 1 0
jainfood/internal/events/events.go:83.98,91.16 2 0
jainfood/internal/events/events.go:91.16,93.3 1 0
jainfood/internal/events/events.go:94.2,97.18 3 0
jainfood/internal/events/events.go:97.18,100.112 3 0
jainfood/internal/events/events.go:100.112,102.4 1 0
jainfood/internal/events/events.go:103.3,103.65 1 0
jainfood/internal/events/events.go:103.65,105.4 1 0
jainfood/internal/events/events.go:106.3,106.29 1 0
jainfood/internal/events/events.go:108.2,108.20 1 0
jainfood/internal/events/events.go:112.72,119.16 2 0
jainfood/internal/events/events.go:119.16,121.3 1 0
jainfood/internal/events/events.go:122.2,125.18 3 0
jainfood/internal/events/events.go:125.18,128.112 3 0
jainfood/internal/events/events.go:128.112,130.4 1 0
jainfood/internal/events/events.go:131.3,131.65 1 0
jainfood/internal/events/events.go:131.65,133.4 1 0
jainfood/internal/events/events.go:134.3,134.29 1 0
jainfood/internal/events/events.go:136.2,136.20 1 0
jainfood/internal/middleware/middleware.go:25.55,26.30 1 0
jainfood/internal/middleware/middleware.go:26.30,28.23 2 0
jainfood/internal/middleware/middleware.go:28.23,31.4 2 0
jainfood/internal/middleware/middleware.go:33.3,34.63 2 0
jainfood/internal/middleware/middleware.go:34.63,37.4 2 0
jainfood/internal/middleware/middleware.go:39.3,42.102 3 0
jainfood/internal/middleware/middleware.go:42.102,44.4 1 0
jainfood/internal/middleware/middleware.go:46.3,46.33 1 0
jainfood/internal/middleware/middleware.go:46.33,49.4 2 0
jainfood/internal/middleware/middleware.go:52.3,56.11 4 0
jainfood/internal/middleware/middleware.go:61.61,62.30 1 0
jainfood/internal/middleware/middleware.go:62.30,64.14 2 0
jainfood/internal/middleware/middleware.go:64.14,67.4 2 0
jainfood/internal/middleware/middleware.go:69.3,70.40 2 0
jainfood/internal/middleware/middleware.go:70.40,71.26 1 0
jainfood/internal/middleware/middleware.go:71.26,74.5 2 0
jainfood/internal/middleware/middleware.go:77.3,77.90 1 0
jainfood/internal/middleware/middleware.go:89.63,90.30 1 0
jainfood/internal/middleware/middleware.go:90.30,95.37 4 0
jainfood/internal/middleware/middleware.go:95.37,99.4 2 0
jainfood/internal/middleware/middleware.go:101.3,101.28 1 0
jainfood/internal/middleware/middleware.go:101.28,107.4 2 0
jainfood/internal/middleware/middleware.go:109.3,114.11 5 0
jainfood/internal/middleware/middleware.go:119.72,123.40 1 0
jainfood/internal/middleware/middleware.go:123.40,125.4 1 0
jainfood/internal/middleware/middleware.go:130.78,134.40 1 0
jainfood/internal/middleware/middleware.go:134.40,136.4 1 0
jainfood/internal/middleware/middleware.go:141.60,142.30 1 0
jainfood/internal/middleware/middleware.go:142.30,163.24 8 0
jainfood/internal/middleware/middleware.go:163.24,164.31 1 0
jainfood/internal/middleware/middleware.go:164.31,166.5 1 0
jainfood/internal/middleware/middleware.go:172.39,173.30 1 0
jainfood/internal/middleware/middleware.go:173.30,179.36 5 0
jainfood/internal/middleware/middleware.go:179.36,182.4 2 0
jainfood/internal/middleware/middleware.go:184.3,184.11 1 0
jainfood/internal/middleware/middleware.go:189.48,190.30 1 0
jainfood/internal/middleware/middleware.go:190.30,197.3 6 0
jainfood/internal/middleware/middleware.go:201.73,215.2 3 0
jainfood/internal/middleware/middleware.go:218.58,220.13 2 0
jainfood/internal/middleware/middleware.go:220.13,222.3 1 0
jainfood/internal/middleware/middleware.go:223.2,223.30 1 0
jainfood/internal/middleware/middleware.go:227.56,229.13 2 0
jainfood/internal/middleware/middleware.go:229.13,231.3 1 0
jainfood/internal/middleware/middleware.go:232.2,232.28 1 0
jainfood/internal/menus/menus.go:13.98,20.16 3 0
jainfood/internal/menus/menus.go:20.16,22.3 1 0
jainfood/internal/menus/menus.go:24.2,29.8 1 0
jainfood/internal/menus/menus.go:33.72,39.16 3 0
jainfood/internal/menus/menus.go:39.16,41.3 1 0
jainfood/internal/menus/menus.go:42.2,42.15 1 0
jainfood/internal/menus/menus.go:46.89,52.16 2 0
jainfood/internal/menus/menus.go:52.16,54.3 1 0
jainfood/internal/menus/menus.go:55.2,58.18 3 0
jainfood/internal/menus/menus.go:58.18,60.96 2 0
jainfood/internal/menus/menus.go:60.96,62.4 1 0
jainfood/internal/menus/menus.go:63.3,63.27 1 0
jainfood/internal/menus/menus.go:65.2,65.19 1 0
jainfood/internal/menus/menus.go:69.78,73.16 2 0
jainfood/internal/menus/menus.go:73.16,75.3 1 0
jainfood/internal/menus/menus.go:76.2,76.28 1 0
jainfood/internal/menus/menus.go:76.28,78.3 1 0
jainfood/internal/menus/menus.go:79.2,79.12 1 0
jainfood/internal/menus/menus.go:83.59,85.16 2 0
jainfood/internal/menus/menus.go:85.16,87.3 1 0
jainfood/internal/menus/menus.go:88.2,88.28 1 0
jainfood/internal/menus/menus.go:88.28,90.3 1 0
jainfood/internal/menus/menus.go:91.2,91.12 1 0
jainfood/internal/menus/menus.go:95.170,102.16 3 0
jainfood/internal/menus/menus.go:102.16,104.3 1 0
jainfood/internal/menus/menus.go:106.2,115.8 1 0
jainfood/internal/menus/menus.go:119.80,128.16 3 0
jainfood/internal/menus/menus.go:128.16,130.3 1 0
jainfood/internal/menus/menus.go:131.2,131.18 1 0
jainfood/internal/menus/menus.go:135.83,141.16 2 0
jainfood/internal/menus/menus.go:141.16,143.3 1 0
jainfood/internal/menus/menus.go:144.2,147.18 3 0
jainfood/internal/menus/menus.go:147.18,152.17 2 0
jainfood/internal/menus/menus.go:152.17,154.4 1 0
jainfood/internal/menus/menus.go:155.3,155.30 1 0
jainfood/internal/menus/menus.go:157.2,157.19 1 0
jainfood/internal/menus/menus.go:161.150,167.16 2 0
jainfood/internal/menus/menus.go:167.16,169.3 1 0
jainfood/internal/menus/menus.go:170.2,170.28 1 0
jainfood/internal/menus/menus.go:170.28,172.3 1 0
jainfood/internal/menus/menus.go:173.2,173.12 1 0
jainfood/internal/menus/menus.go:177.83,181.16 2 0
jainfood/internal/menus/menus.go:181.16,183.3 1 0
jainfood/internal/menus/menus.go:184.2,184.28 1 0
jainfood/internal/menus/menus.go:184.28,186.3 1 0
jainfood/internal/menus/menus.go:187.2,187.12 1 0
jainfood/internal/menus/menus.go:191.63,193.16 2 0
jainfood/internal/menus/menus.go:193.16,195.3 1 0
jainfood/internal/menus/menus.go:196.2,196.28 1 0
jainfood/internal/menus/menus.go:196.28,198.3 1 0
jainfood/internal/menus/menus.go:199.2,199.12 1 0
jainfood/internal/orders/orders.go:18.42,23.16 4 0
jainfood/internal/orders/orders.go:23.16,25.3 1 0
jainfood/internal/orders/orders.go:26.2,26.33 1 0
jainfood/internal/orders/orders.go:29.125,32.16 3 0
jainfood/internal/orders/orders.go:32.16,34.3 1 0
jainfood/internal/orders/orders.go:35.2,36.16 2 0
jainfood/internal/orders/orders.go:36.16,38.3 1 0
jainfood/internal/orders/orders.go:39.2,41.16 2 0
jainfood/internal/orders/orders.go:41.16,43.3 1 0
jainfood/internal/orders/orders.go:44.2,44.27 1 0
jainfood/internal/orders/orders.go:47.62,49.16 2 0
jainfood/internal/orders/orders.go:49.16,51.3 1 0
jainfood/internal/orders/orders.go:52.2,52.28 1 0
jainfood/internal/orders/orders.go:52.28,54.3 1 0
jainfood/internal/orders/orders.go:55.2,55.12 1 0
jainfood/internal/orders/orders.go:59.61,61.16 2 0
jainfood/internal/orders/orders.go:61.16,63.3 1 0
jainfood/internal/orders/orders.go:64.2,64.28 1 0
jainfood/internal/orders/orders.go:64.28,66.3 1 0
jainfood/internal/orders/orders.go:67.2,67.12 1 0
jainfood/internal/orders/orders.go:71.63,73.16 2 0
jainfood/internal/orders/orders.go:73.16,75.3 1 0
jainfood/internal/orders/orders.go:76.2,76.28 1 0
jainfood/internal/orders/orders.go:76.28,78.3 1 0
jainfood/internal/orders/orders.go:79.2,79.12 1 0
jainfood/internal/orders/orders.go:83.76,86.16 3 0
jainfood/internal/orders/orders.go:86.16,88.3 1 0
jainfood/internal/orders/orders.go:89.2,89.16 1 0
jainfood/internal/orders/orders.go:93.79,103.16 4 0
jainfood/internal/orders/orders.go:103.16,105.3 1 0
jainfood/internal/orders/orders.go:106.2,107.19 2 0
jainfood/internal/orders/orders.go:111.104,118.16 2 0
jainfood/internal/orders/orders.go:118.16,120.3 1 0
jainfood/internal/orders/orders.go:121.2,124.18 3 0
jainfood/internal/orders/orders.go:124.18,130.17 3 0
jainfood/internal/orders/orders.go:130.17,132.4 1 0
jainfood/internal/orders/orders.go:133.3,134.33 2 0
jainfood/internal/orders/orders.go:136.2,136.20 1 0
jainfood/internal/orders/orders.go:140.110,147.16 2 0
jainfood/internal/orders/orders.go:147.16,149.3 1 0
jainfood/internal/orders/orders.go:150.2,153.18 3 0
jainfood/internal/orders/orders.go:153.18,159.17 3 0
jainfood/internal/orders/orders.go:159.17,161.4 1 0
jainfood/internal/orders/orders.go:162.3,163.33 2 0
jainfood/internal/orders/orders.go:165.2,165.20 1 0
jainfood/internal/providers/providers.go:13.139,20.16 3 0
jainfood/internal/providers/providers.go:20.16,22.3 1 0
jainfood/internal/providers/providers.go:24.2,33.8 1 0
jainfood/internal/providers/providers.go:37.84,48.16 3 0
jainfood/internal/providers/providers.go:48.16,50.3 1 0
jainfood/internal/providers/providers.go:51.2,51.15 1 0
jainfood/internal/providers/providers.go:55.88,66.16 3 0
jainfood/internal/providers/providers.go:66.16,68.3 1 0
jainfood/internal/providers/providers.go:69.2,69.15 1 0
jainfood/internal/providers/providers.go:73.123,81.16 2 0
jainfood/internal/providers/providers.go:81.16,83.3 1 0
jainfood/internal/providers/providers.go:84.2,84.28 1 0
jainfood/internal/providers/providers.go:84.28,86.3 1 0
jainfood/internal/providers/providers.go:87.2,87.12 1 0
jainfood/internal/providers/providers.go:91.82,93.16 2 0
jainfood/internal/providers/providers.go:93.16,95.3 1 0
jainfood/internal/providers/providers.go:96.2,96.28 1 0
jainfood/internal/providers/providers.go:96.28,98.3 1 0
jainfood/internal/providers/providers.go:99.2,99.12 1 0
jainfood/internal/providers/providers.go:103.88,112.16 2 0
jainfood/internal/providers/providers.go:112.16,114.3 1 0
jainfood/internal/providers/providers.go:115.2,118.18 3 0
jainfood/internal/providers/providers.go:118.18,123.17 2 0
jainfood/internal/providers/providers.go:123.17,125.4 1 0
jainfood/internal/providers/providers.go:126.3,126.35 1 0
jainfood/internal/providers/providers.go:128.2,128.23 1 0
jainfood/internal/redisclient/redisclient.go:12.27,16.2 1 0
jainfood/internal/users/users.go:13.122,20.16 3 0
jainfood/internal/users/users.go:20.16,22.3 1 0
jainfood/internal/users/users.go:24.2,30.8 1 0
jainfood/internal/users/users.go:34.76,40.16 3 0
jainfood/internal/users/users.go:40.16,42.3 1 0
jainfood/internal/users/users.go:43.2,43.15 1 0
jainfood/internal/users/users.go:47.78,53.16 3 0
jainfood/internal/users/users.go:53.16,55.3 1 0
jainfood/internal/users/users.go:56.2,56.15 1 0
jainfood/internal/users/users.go:60.98,62.16 2 0
jainfood/internal/users/users.go:62.16,64.3 1 0
jainfood/internal/users/users.go:66.2,67.16 2 0
jainfood/internal/users/users.go:67.16,69.3 1 0
jainfood/internal/users/users.go:70.2,70.24 1 0
jainfood/internal/users/users.go:74.108,80.16 2 0
jainfood/internal/users/users.go:80.16,82.3 1 0
jainfood/internal/users/users.go:83.2,83.28 1 0
jainfood/internal/users/users.go:83.28,85.3 1 0
jainfood/internal/users/users.go:86.2,86.12 1 0
jainfood/internal/users/users.go:90.59,92.16 2 0
jainfood/internal/users/users.go:92.16,94.3 1 0
jainfood/internal/users/users.go:95.2,95.28 1 0
jainfood/internal/users/users.go:95.28,97.3 1 0
jainfood/internal/users/users.go:98.2,98.12 1 0
jainfood/internal/users/users.go:102.80,109.16 2 0
jainfood/internal/users/users.go:109.16,111.3 1 0
jainfood/internal/users/users.go:112.2,115.18 3 0
jainfood/internal/users/users.go:115.18,117.110 2 0
jainfood/internal/users/users.go:117.110,119.4 1 0
jainfood/internal/users/users.go:120.3,120.27 1 0
jainfood/internal/users/users.go:122.2,122.19 1 0
jainfood/internal/util/config.go:21.21,36.2 2 0
jainfood/internal/util/config.go:38.33,39.32 1 0
jainfood/internal/util/config.go:39.32,41.3 1 0
jainfood/internal/util/config.go:42.2,42.10 1 0
jainfood/internal/search/search.go:32.124,45.27 4 0
jainfood/internal/search/search.go:45.27,49.3 3 0
jainfood/internal/search/search.go:52.2,52.27 1 0
jainfood/internal/search/search.go:52.27,56.3 3 0
jainfood/internal/search/search.go:59.2,66.16 6 0
jainfood/internal/search/search.go:66.16,68.3 1 0
jainfood/internal/search/search.go:69.2,72.18 3 0
jainfood/internal/search/search.go:72.18,78.17 2 0
jainfood/internal/search/search.go:78.17,80.4 1 0
jainfood/internal/search/search.go:81.3,81.31 1 0
jainfood/internal/search/search.go:83.2,83.21 1 0
jainfood/internal/search/search.go:95.114,111.22 4 0
jainfood/internal/search/search.go:111.22,113.3 1 0
jainfood/internal/search/search.go:116.2,116.27 1 0
jainfood/internal/search/search.go:116.27,118.3 1 0
jainfood/internal/search/search.go:121.2,121.25 1 0
jainfood/internal/search/search.go:121.25,125.3 3 0
jainfood/internal/search/search.go:128.2,128.27 1 0
jainfood/internal/search/search.go:128.27,132.3 3 0
jainfood/internal/search/search.go:135.2,135.27 1 0
jainfood/internal/search/search.go:135.27,139.3 3 0
jainfood/internal/search/search.go:142.2,142.26 1 0
jainfood/internal/search/search.go:142.26,146.3 3 0
jainfood/internal/search/search.go:148.2,153.16 5 0
jainfood/internal/search/search.go:153.16,155.3 1 0
jainfood/internal/search/search.go:156.2,159.18 3 0
jainfood/internal/search/search.go:159.18,165.17 2 0
jainfood/internal/search/search.go:165.17,167.4 1 0
jainfood/internal/search/search.go:168.3,168.31 1 0
jainfood/internal/search/search.go:170.2,170.21 1 0
jainfood/internal/search/search.go:174.147,191.33 4 0
jainfood/internal/search/search.go:191.33,194.37 2 0
jainfood/internal/search/search.go:194.37,196.4 1 0
jainfood/internal/search/search.go:197.3,198.42 2 0
jainfood/internal/search/search.go:198.42,200.4 1 0
jainfood/internal/search/search.go:201.3,201.36 1 0
jainfood/internal/search/search.go:204.2,209.16 5 0
jainfood/internal/search/search.go:209.16,211.3 1 0
jainfood/internal/search/search.go:212.2,215.18 3 0
jainfood/internal/search/search.go:215.18,221.17 2 0
jainfood/internal/search/search.go:221.17,223.4 1 0
jainfood/internal/search/search.go:224.3,224.31 1 0
jainfood/internal/search/search.go:226.2,226.21 1 0
